Arguments: 
  /usr/local/bin/node /Users/mehmetakif/.yarn/bin/yarn.js add @rowsncolumns/spreadsheet

PATH: 
  /Users/mehmetakif/.yarn/bin:/Users/mehmetakif/.config/yarn/global/node_modules/.bin:/Users/mehmetakif/opt/anaconda3/bin:/Users/mehmetakif/opt/anaconda3/condabin:/opt/homebrew/bin:/opt/homebrew/sbin:/Library/Frameworks/Python.framework/Versions/3.9/bin:/usr/local/bin:/usr/bin:/bin:/usr/sbin:/sbin

Yarn version: 
  1.22.17

Node version: 
  16.13.2

Platform: 
  darwin arm64

Trace: 
  Error: https://registry.yarnpkg.com/@rowsncolumns%2fspreadsheet: Not found
      at Request.params.callback [as _callback] (/Users/mehmetakif/.yarn/lib/cli.js:67029:18)
      at Request.self.callback (/Users/mehmetakif/.yarn/lib/cli.js:140883:22)
      at Request.emit (node:events:390:28)
      at Request.<anonymous> (/Users/mehmetakif/.yarn/lib/cli.js:141855:10)
      at Request.emit (node:events:390:28)
      at IncomingMessage.<anonymous> (/Users/mehmetakif/.yarn/lib/cli.js:141777:12)
      at Object.onceWrapper (node:events:509:28)
      at IncomingMessage.emit (node:events:402:35)
      at endReadableNT (node:internal/streams/readable:1343:12)
      at processTicksAndRejections (node:internal/process/task_queues:83:21)

npm manifest: 
  {
    "name": "flip-card-project",
    "homepage": "https://mehmetakifakkus.github.io/flip-card-project",
    "version": "0.1.0",
    "private": true,
    "dependencies": {
      "@emotion/react": "^11.8.2",
      "@emotion/styled": "^11.8.1",
      "@mui/icons-material": "^5.5.1",
      "@mui/material": "^5.5.3",
      "@mui/styled-engine-sc": "^5.5.2",
      "@testing-library/jest-dom": "^5.16.3",
      "@testing-library/react": "^12.1.4",
      "@testing-library/user-event": "^13.5.0",
      "react": "^17.0.0",
      "react-card-flip": "^1.1.5",
      "react-dom": "^17.0.0",
      "react-scripts": "5.0.0",
      "styled-components": "^5.3.5",
      "web-vitals": "^2.1.4"
    },
    "scripts": {
      "predeploy": "npm run build",
      "deploy": "gh-pages -b master -d build",
      "start": "react-scripts start",
      "build": "react-scripts build",
      "test": "react-scripts test",
      "eject": "react-scripts eject"
    },
    "eslintConfig": {
      "extends": [
        "react-app",
        "react-app/jest"
      ]
    },
    "browserslist": {
      "production": [
        ">0.2%",
        "not dead",
        "not op_mini all"
      ],
      "development": [
        "last 1 chrome version",
        "last 1 firefox version",
        "last 1 safari version"
      ]
    }
  }

yarn manifest: 
  No manifest

Lockfile: 
  No lockfile
